2019-10-26 00:51:14,350 INFO com.Helloworld.HelloWorldApplicationTests [main] Starting HelloWorldApplicationTests on CPX-9U7X7R3Y55T with PID 16248 (started by dorothea.vincent in C:\Users\dorothea.vincent\Desktop\ROCHE\Helloworld\Helloworld)
2019-10-26 00:51:14,353 INFO com.Helloworld.HelloWorldApplicationTests [main] The following profiles are active: test
2019-10-26 00:51:16,265 INFO com.Helloworld.HelloWorldApplicationTests [main] Started HelloWorldApplicationTests in 2.321 seconds (JVM running for 3.867)
2019-10-26 00:54:19,810 INFO com.Helloworld.HelloworldApplication [restartedMain] Starting HelloworldApplication on CPX-9U7X7R3Y55T with PID 4704 (C:\Users\dorothea.vincent\Desktop\ROCHE\Helloworld\Helloworld\target\classes started by dorothea.vincent in C:\Users\dorothea.vincent\Desktop\ROCHE\Helloworld\Helloworld)
2019-10-26 00:54:19,816 INFO com.Helloworld.HelloworldApplication [restartedMain] The following profiles are active: test
2019-10-26 00:54:21,836 INFO org.apache.catalina.core.StandardService [restartedMain] Starting service [Tomcat]
2019-10-26 00:54:21,836 INFO org.apache.catalina.core.StandardEngine [restartedMain] Starting Servlet engine: [Apache Tomcat/9.0.27]
2019-10-26 00:54:21,983 INFO org.apache.catalina.core.ContainerBase.[Tomcat].[localhost].[/] [restartedMain] Initializing Spring embedded WebApplicationContext
2019-10-26 00:54:22,481 INFO com.Helloworld.HelloworldApplication [restartedMain] Started HelloworldApplication in 3.355 seconds (JVM running for 4.005)
2019-10-26 00:54:45,932 INFO org.apache.catalina.core.ContainerBase.[Tomcat].[localhost].[/] [http-nio-8080-exec-1] Initializing Spring DispatcherServlet 'dispatcherServlet'
2019-10-26 00:55:10,408 INFO com.Helloworld.HelloworldApplication [restartedMain] Starting HelloworldApplication on CPX-9U7X7R3Y55T with PID 21932 (C:\Users\dorothea.vincent\Desktop\ROCHE\Helloworld\Helloworld\target\classes started by dorothea.vincent in C:\Users\dorothea.vincent\Desktop\ROCHE\Helloworld\Helloworld)
2019-10-26 00:55:10,414 INFO com.Helloworld.HelloworldApplication [restartedMain] The following profiles are active: prod
2019-10-26 00:55:12,348 INFO org.apache.catalina.core.StandardService [restartedMain] Starting service [Tomcat]
2019-10-26 00:55:12,349 INFO org.apache.catalina.core.StandardEngine [restartedMain] Starting Servlet engine: [Apache Tomcat/9.0.27]
2019-10-26 00:55:12,515 INFO org.apache.catalina.core.ContainerBase.[Tomcat].[localhost].[/] [restartedMain] Initializing Spring embedded WebApplicationContext
2019-10-26 00:55:12,995 INFO com.Helloworld.HelloworldApplication [restartedMain] Started HelloworldApplication in 3.26 seconds (JVM running for 3.957)
2019-10-26 00:55:13,213 INFO org.apache.catalina.core.ContainerBase.[Tomcat].[localhost].[/] [http-nio-8080-exec-1] Initializing Spring DispatcherServlet 'dispatcherServlet'
2019-10-26 01:06:37,555 INFO com.Helloworld.HelloworldApplication [restartedMain] Starting HelloworldApplication on CPX-9U7X7R3Y55T with PID 19828 (C:\Users\dorothea.vincent\Desktop\ROCHE\Helloworld\Helloworld\target\classes started by dorothea.vincent in C:\Users\dorothea.vincent\Desktop\ROCHE\Helloworld\Helloworld)
2019-10-26 01:06:37,563 DEBUG com.Helloworld.HelloworldApplication [restartedMain] Running with Spring Boot v2.2.0.RELEASE, Spring v5.2.0.RELEASE
2019-10-26 01:06:37,564 INFO com.Helloworld.HelloworldApplication [restartedMain] The following profiles are active: prod
2019-10-26 01:06:39,659 INFO org.apache.catalina.core.StandardService [restartedMain] Starting service [Tomcat]
2019-10-26 01:06:39,660 INFO org.apache.catalina.core.StandardEngine [restartedMain] Starting Servlet engine: [Apache Tomcat/9.0.27]
2019-10-26 01:06:39,798 INFO org.apache.catalina.core.ContainerBase.[Tomcat].[localhost].[/] [restartedMain] Initializing Spring embedded WebApplicationContext
2019-10-26 01:06:40,293 INFO com.Helloworld.HelloworldApplication [restartedMain] Started HelloworldApplication in 3.697 seconds (JVM running for 4.505)
2019-10-26 01:06:47,597 INFO org.apache.catalina.core.ContainerBase.[Tomcat].[localhost].[/] [http-nio-8080-exec-1] Initializing Spring DispatcherServlet 'dispatcherServlet'
2019-10-26 01:12:31,087 INFO com.Helloworld.HelloworldApplication [restartedMain] Starting HelloworldApplication on CPX-9U7X7R3Y55T with PID 32120 (C:\Users\dorothea.vincent\Desktop\ROCHE\Helloworld\Helloworld\target\classes started by dorothea.vincent in C:\Users\dorothea.vincent\Desktop\ROCHE\Helloworld\Helloworld)
2019-10-26 01:12:31,092 DEBUG com.Helloworld.HelloworldApplication [restartedMain] Running with Spring Boot v2.2.0.RELEASE, Spring v5.2.0.RELEASE
2019-10-26 01:12:31,093 INFO com.Helloworld.HelloworldApplication [restartedMain] The following profiles are active: prod
2019-10-26 01:12:32,769 INFO org.apache.catalina.core.StandardService [restartedMain] Starting service [Tomcat]
2019-10-26 01:12:32,770 INFO org.apache.catalina.core.StandardEngine [restartedMain] Starting Servlet engine: [Apache Tomcat/9.0.27]
2019-10-26 01:12:32,866 INFO org.apache.catalina.core.ContainerBase.[Tomcat].[localhost].[/] [restartedMain] Initializing Spring embedded WebApplicationContext
2019-10-26 01:12:33,277 INFO com.Helloworld.HelloworldApplication [restartedMain] Started HelloworldApplication in 2.857 seconds (JVM running for 3.491)
2019-10-26 01:12:42,431 INFO org.apache.catalina.core.ContainerBase.[Tomcat].[localhost].[/] [http-nio-8080-exec-1] Initializing Spring DispatcherServlet 'dispatcherServlet'
2019-10-26 01:16:27,804 INFO com.Helloworld.HelloworldApplication [restartedMain] Starting HelloworldApplication on CPX-9U7X7R3Y55T with PID 34436 (C:\Users\dorothea.vincent\Desktop\ROCHE\Helloworld\Helloworld\target\classes started by dorothea.vincent in C:\Users\dorothea.vincent\Desktop\ROCHE\Helloworld\Helloworld)
2019-10-26 01:16:27,807 DEBUG com.Helloworld.HelloworldApplication [restartedMain] Running with Spring Boot v2.2.0.RELEASE, Spring v5.2.0.RELEASE
2019-10-26 01:16:27,807 INFO com.Helloworld.HelloworldApplication [restartedMain] The following profiles are active: prod
2019-10-26 01:16:30,001 INFO org.apache.catalina.core.StandardService [restartedMain] Starting service [Tomcat]
2019-10-26 01:16:30,002 INFO org.apache.catalina.core.StandardEngine [restartedMain] Starting Servlet engine: [Apache Tomcat/9.0.27]
2019-10-26 01:16:30,146 INFO org.apache.catalina.core.ContainerBase.[Tomcat].[localhost].[/] [restartedMain] Initializing Spring embedded WebApplicationContext
2019-10-26 01:16:30,681 INFO com.Helloworld.HelloworldApplication [restartedMain] Started HelloworldApplication in 3.515 seconds (JVM running for 4.145)
2019-10-26 01:16:39,433 INFO org.apache.catalina.core.ContainerBase.[Tomcat].[localhost].[/] [http-nio-8080-exec-1] Initializing Spring DispatcherServlet 'dispatcherServlet'
2019-10-26 01:18:48,248 INFO com.Helloworld.HelloworldApplication [restartedMain] Starting HelloworldApplication on CPX-9U7X7R3Y55T with PID 7772 (C:\Users\dorothea.vincent\Desktop\ROCHE\Helloworld\Helloworld\target\classes started by dorothea.vincent in C:\Users\dorothea.vincent\Desktop\ROCHE\Helloworld\Helloworld)
2019-10-26 01:18:48,253 DEBUG com.Helloworld.HelloworldApplication [restartedMain] Running with Spring Boot v2.2.0.RELEASE, Spring v5.2.0.RELEASE
2019-10-26 01:18:48,253 INFO com.Helloworld.HelloworldApplication [restartedMain] The following profiles are active: prod
2019-10-26 01:18:50,151 INFO org.apache.catalina.core.StandardService [restartedMain] Starting service [Tomcat]
2019-10-26 01:18:50,152 INFO org.apache.catalina.core.StandardEngine [restartedMain] Starting Servlet engine: [Apache Tomcat/9.0.27]
2019-10-26 01:18:50,256 INFO org.apache.catalina.core.ContainerBase.[Tomcat].[localhost].[/] [restartedMain] Initializing Spring embedded WebApplicationContext
2019-10-26 01:18:50,732 INFO com.Helloworld.HelloworldApplication [restartedMain] Started HelloworldApplication in 3.249 seconds (JVM running for 3.991)
2019-10-26 01:18:53,706 INFO org.apache.catalina.core.ContainerBase.[Tomcat].[localhost].[/] [http-nio-8080-exec-1] Initializing Spring DispatcherServlet 'dispatcherServlet'
2019-10-26 01:20:35,132 INFO com.Helloworld.HelloWorldApplicationTests [main] Starting HelloWorldApplicationTests on CPX-9U7X7R3Y55T with PID 30920 (started by dorothea.vincent in C:\Users\dorothea.vincent\Desktop\ROCHE\Helloworld\Helloworld)
2019-10-26 01:20:35,133 DEBUG com.Helloworld.HelloWorldApplicationTests [main] Running with Spring Boot v2.2.0.RELEASE, Spring v5.2.0.RELEASE
2019-10-26 01:20:35,133 INFO com.Helloworld.HelloWorldApplicationTests [main] The following profiles are active: prod
2019-10-26 01:20:36,759 INFO com.Helloworld.HelloWorldApplicationTests [main] Started HelloWorldApplicationTests in 1.991 seconds (JVM running for 3.556)
2019-10-26 01:21:30,053 INFO com.Helloworld.HelloWorldApplicationTests [main] Starting HelloWorldApplicationTests on CPX-9U7X7R3Y55T with PID 30384 (started by dorothea.vincent in C:\Users\dorothea.vincent\Desktop\ROCHE\Helloworld\Helloworld)
2019-10-26 01:21:30,054 DEBUG com.Helloworld.HelloWorldApplicationTests [main] Running with Spring Boot v2.2.0.RELEASE, Spring v5.2.0.RELEASE
2019-10-26 01:21:30,055 INFO com.Helloworld.HelloWorldApplicationTests [main] The following profiles are active: prod
2019-10-26 01:21:32,420 INFO com.Helloworld.HelloWorldApplicationTests [main] Started HelloWorldApplicationTests in 2.794 seconds (JVM running for 4.445)
2019-10-26 01:21:49,087 INFO com.Helloworld.HelloworldApplication [restartedMain] Starting HelloworldApplication on CPX-9U7X7R3Y55T with PID 8088 (C:\Users\dorothea.vincent\Desktop\ROCHE\Helloworld\Helloworld\target\classes started by dorothea.vincent in C:\Users\dorothea.vincent\Desktop\ROCHE\Helloworld\Helloworld)
2019-10-26 01:21:49,093 DEBUG com.Helloworld.HelloworldApplication [restartedMain] Running with Spring Boot v2.2.0.RELEASE, Spring v5.2.0.RELEASE
2019-10-26 01:21:49,094 INFO com.Helloworld.HelloworldApplication [restartedMain] The following profiles are active: prod
2019-10-26 01:21:51,107 INFO org.apache.catalina.core.StandardService [restartedMain] Starting service [Tomcat]
2019-10-26 01:21:51,108 INFO org.apache.catalina.core.StandardEngine [restartedMain] Starting Servlet engine: [Apache Tomcat/9.0.27]
2019-10-26 01:21:51,235 INFO org.apache.catalina.core.ContainerBase.[Tomcat].[localhost].[/] [restartedMain] Initializing Spring embedded WebApplicationContext
2019-10-26 01:21:51,729 INFO com.Helloworld.HelloworldApplication [restartedMain] Started HelloworldApplication in 3.514 seconds (JVM running for 4.345)
2019-10-26 01:22:03,108 INFO org.apache.catalina.core.ContainerBase.[Tomcat].[localhost].[/] [http-nio-8080-exec-1] Initializing Spring DispatcherServlet 'dispatcherServlet'
2019-10-26 01:24:11,078 INFO com.Helloworld.HelloworldApplication [restartedMain] Starting HelloworldApplication on CPX-9U7X7R3Y55T with PID 31276 (C:\Users\dorothea.vincent\Desktop\ROCHE\Helloworld\Helloworld\target\classes started by dorothea.vincent in C:\Users\dorothea.vincent\Desktop\ROCHE\Helloworld\Helloworld)
2019-10-26 01:24:11,082 DEBUG com.Helloworld.HelloworldApplication [restartedMain] Running with Spring Boot v2.2.0.RELEASE, Spring v5.2.0.RELEASE
2019-10-26 01:24:11,082 INFO com.Helloworld.HelloworldApplication [restartedMain] The following profiles are active: prod
2019-10-26 01:24:12,726 INFO org.apache.catalina.core.StandardService [restartedMain] Starting service [Tomcat]
2019-10-26 01:24:12,727 INFO org.apache.catalina.core.StandardEngine [restartedMain] Starting Servlet engine: [Apache Tomcat/9.0.27]
2019-10-26 01:24:12,838 INFO org.apache.catalina.core.ContainerBase.[Tomcat].[localhost].[/] [restartedMain] Initializing Spring embedded WebApplicationContext
2019-10-26 01:24:13,327 INFO com.Helloworld.HelloworldApplication [restartedMain] Started HelloworldApplication in 2.817 seconds (JVM running for 3.414)
2019-10-26 01:24:31,480 INFO com.Helloworld.HelloworldApplication [restartedMain] Starting HelloworldApplication on CPX-9U7X7R3Y55T with PID 20476 (C:\Users\dorothea.vincent\Desktop\ROCHE\Helloworld\Helloworld\target\classes started by dorothea.vincent in C:\Users\dorothea.vincent\Desktop\ROCHE\Helloworld\Helloworld)
2019-10-26 01:24:31,485 DEBUG com.Helloworld.HelloworldApplication [restartedMain] Running with Spring Boot v2.2.0.RELEASE, Spring v5.2.0.RELEASE
2019-10-26 01:24:31,485 INFO com.Helloworld.HelloworldApplication [restartedMain] The following profiles are active: prod
2019-10-26 01:24:33,181 INFO org.apache.catalina.core.StandardService [restartedMain] Starting service [Tomcat]
2019-10-26 01:24:33,182 INFO org.apache.catalina.core.StandardEngine [restartedMain] Starting Servlet engine: [Apache Tomcat/9.0.27]
2019-10-26 01:24:33,287 INFO org.apache.catalina.core.ContainerBase.[Tomcat].[localhost].[/] [restartedMain] Initializing Spring embedded WebApplicationContext
2019-10-26 01:24:33,757 INFO com.Helloworld.HelloworldApplication [restartedMain] Started HelloworldApplication in 3.03 seconds (JVM running for 3.786)
2019-10-26 01:24:42,350 INFO org.apache.catalina.core.ContainerBase.[Tomcat].[localhost].[/] [http-nio-8080-exec-1] Initializing Spring DispatcherServlet 'dispatcherServlet'
2019-10-26 01:25:35,096 INFO com.Helloworld.HelloworldApplication [restartedMain] Starting HelloworldApplication on CPX-9U7X7R3Y55T with PID 16984 (C:\Users\dorothea.vincent\Desktop\ROCHE\Helloworld\Helloworld\target\classes started by dorothea.vincent in C:\Users\dorothea.vincent\Desktop\ROCHE\Helloworld\Helloworld)
2019-10-26 01:25:35,100 DEBUG com.Helloworld.HelloworldApplication [restartedMain] Running with Spring Boot v2.2.0.RELEASE, Spring v5.2.0.RELEASE
2019-10-26 01:25:35,101 INFO com.Helloworld.HelloworldApplication [restartedMain] The following profiles are active: prod
2019-10-26 01:25:37,159 INFO org.apache.catalina.core.StandardService [restartedMain] Starting service [Tomcat]
2019-10-26 01:25:37,159 INFO org.apache.catalina.core.StandardEngine [restartedMain] Starting Servlet engine: [Apache Tomcat/9.0.27]
2019-10-26 01:25:37,284 INFO org.apache.catalina.core.ContainerBase.[Tomcat].[localhost].[/] [restartedMain] Initializing Spring embedded WebApplicationContext
2019-10-26 01:25:37,823 INFO com.Helloworld.HelloworldApplication [restartedMain] Started HelloworldApplication in 3.31 seconds (JVM running for 3.89)
2019-10-26 01:25:49,864 INFO org.apache.catalina.core.ContainerBase.[Tomcat].[localhost].[/] [http-nio-8080-exec-1] Initializing Spring DispatcherServlet 'dispatcherServlet'
2019-10-26 01:32:21,618 INFO com.Helloworld.HelloworldApplication [restartedMain] Starting HelloworldApplication on CPX-9U7X7R3Y55T with PID 30224 (C:\Users\dorothea.vincent\Desktop\ROCHE\Helloworld\Helloworld\target\classes started by dorothea.vincent in C:\Users\dorothea.vincent\Desktop\ROCHE\Helloworld\Helloworld)
2019-10-26 01:32:21,622 DEBUG com.Helloworld.HelloworldApplication [restartedMain] Running with Spring Boot v2.2.0.RELEASE, Spring v5.2.0.RELEASE
2019-10-26 01:32:21,622 INFO com.Helloworld.HelloworldApplication [restartedMain] The following profiles are active: prod
2019-10-26 01:32:23,789 INFO org.apache.catalina.core.StandardService [restartedMain] Starting service [Tomcat]
2019-10-26 01:32:23,790 INFO org.apache.catalina.core.StandardEngine [restartedMain] Starting Servlet engine: [Apache Tomcat/9.0.27]
2019-10-26 01:32:23,919 INFO org.apache.catalina.core.ContainerBase.[Tomcat].[localhost].[/] [restartedMain] Initializing Spring embedded WebApplicationContext
2019-10-26 01:32:24,503 INFO com.Helloworld.HelloworldApplication [restartedMain] Started HelloworldApplication in 3.546 seconds (JVM running for 4.182)
2019-10-26 01:32:49,741 INFO org.apache.catalina.core.ContainerBase.[Tomcat].[localhost].[/] [http-nio-8080-exec-1] Initializing Spring DispatcherServlet 'dispatcherServlet'
2019-10-26 01:34:22,848 INFO com.Helloworld.HelloWorldApplicationTests [main] Starting HelloWorldApplicationTests on CPX-9U7X7R3Y55T with PID 22592 (started by dorothea.vincent in C:\Users\dorothea.vincent\Desktop\ROCHE\Helloworld\Helloworld)
2019-10-26 01:34:22,849 DEBUG com.Helloworld.HelloWorldApplicationTests [main] Running with Spring Boot v2.2.0.RELEASE, Spring v5.2.0.RELEASE
2019-10-26 01:34:22,850 INFO com.Helloworld.HelloWorldApplicationTests [main] The following profiles are active: prod
2019-10-26 01:34:24,469 INFO com.Helloworld.HelloWorldApplicationTests [main] Started HelloWorldApplicationTests in 1.973 seconds (JVM running for 3.386)
2019-10-26 01:34:33,663 INFO com.Helloworld.HelloworldApplication [restartedMain] Starting HelloworldApplication on CPX-9U7X7R3Y55T with PID 14112 (C:\Users\dorothea.vincent\Desktop\ROCHE\Helloworld\Helloworld\target\classes started by dorothea.vincent in C:\Users\dorothea.vincent\Desktop\ROCHE\Helloworld\Helloworld)
2019-10-26 01:34:33,666 DEBUG com.Helloworld.HelloworldApplication [restartedMain] Running with Spring Boot v2.2.0.RELEASE, Spring v5.2.0.RELEASE
2019-10-26 01:34:33,666 INFO com.Helloworld.HelloworldApplication [restartedMain] The following profiles are active: prod
2019-10-26 01:34:35,173 INFO org.apache.catalina.core.StandardService [restartedMain] Starting service [Tomcat]
2019-10-26 01:34:35,173 INFO org.apache.catalina.core.StandardEngine [restartedMain] Starting Servlet engine: [Apache Tomcat/9.0.27]
2019-10-26 01:34:35,273 INFO org.apache.catalina.core.ContainerBase.[Tomcat].[localhost].[/] [restartedMain] Initializing Spring embedded WebApplicationContext
2019-10-26 01:34:35,739 INFO com.Helloworld.HelloworldApplication [restartedMain] Started HelloworldApplication in 2.695 seconds (JVM running for 3.364)
2019-10-26 01:34:48,019 INFO org.apache.catalina.core.ContainerBase.[Tomcat].[localhost].[/] [http-nio-8080-exec-1] Initializing Spring DispatcherServlet 'dispatcherServlet'
2019-10-26 01:35:35,652 INFO com.Helloworld.HelloworldApplication [restartedMain] Starting HelloworldApplication on CPX-9U7X7R3Y55T with PID 17936 (C:\Users\dorothea.vincent\Desktop\ROCHE\Helloworld\Helloworld\target\classes started by dorothea.vincent in C:\Users\dorothea.vincent\Desktop\ROCHE\Helloworld\Helloworld)
2019-10-26 01:35:35,655 DEBUG com.Helloworld.HelloworldApplication [restartedMain] Running with Spring Boot v2.2.0.RELEASE, Spring v5.2.0.RELEASE
2019-10-26 01:35:35,655 INFO com.Helloworld.HelloworldApplication [restartedMain] The following profiles are active: prod
2019-10-26 01:35:37,191 INFO org.apache.catalina.core.StandardService [restartedMain] Starting service [Tomcat]
2019-10-26 01:35:37,192 INFO org.apache.catalina.core.StandardEngine [restartedMain] Starting Servlet engine: [Apache Tomcat/9.0.27]
2019-10-26 01:35:37,295 INFO org.apache.catalina.core.ContainerBase.[Tomcat].[localhost].[/] [restartedMain] Initializing Spring embedded WebApplicationContext
2019-10-26 01:35:37,686 INFO com.Helloworld.HelloworldApplication [restartedMain] Started HelloworldApplication in 2.593 seconds (JVM running for 3.312)
2019-10-26 01:35:38,949 INFO org.apache.catalina.core.ContainerBase.[Tomcat].[localhost].[/] [http-nio-8080-exec-1] Initializing Spring DispatcherServlet 'dispatcherServlet'
2019-10-26 01:39:00,405 INFO com.Helloworld.HelloworldApplication [restartedMain] Starting HelloworldApplication on CPX-9U7X7R3Y55T with PID 32876 (C:\Users\dorothea.vincent\Desktop\ROCHE\Helloworld\Helloworld\target\classes started by dorothea.vincent in C:\Users\dorothea.vincent\Desktop\ROCHE\Helloworld\Helloworld)
2019-10-26 01:39:00,413 DEBUG com.Helloworld.HelloworldApplication [restartedMain] Running with Spring Boot v2.2.0.RELEASE, Spring v5.2.0.RELEASE
2019-10-26 01:39:00,413 INFO com.Helloworld.HelloworldApplication [restartedMain] The following profiles are active: error
2019-10-26 01:39:01,973 INFO org.apache.catalina.core.StandardService [restartedMain] Starting service [Tomcat]
2019-10-26 01:39:01,974 INFO org.apache.catalina.core.StandardEngine [restartedMain] Starting Servlet engine: [Apache Tomcat/9.0.27]
2019-10-26 01:39:02,087 INFO org.apache.catalina.core.ContainerBase.[Tomcat].[localhost].[/] [restartedMain] Initializing Spring embedded WebApplicationContext
2019-10-26 01:39:02,168 INFO org.apache.catalina.core.StandardService [restartedMain] Stopping service [Tomcat]
2019-10-26 01:39:02,196 ERROR org.springframework.boot.SpringApplication [restartedMain] Application run failed
org.springframework.beans.factory.BeanCreationException: Error creating bean with name 'helloWorldController': Injection of autowired dependencies failed; nested exception is java.lang.IllegalArgumentException: Could not resolve placeholder 'spring.name' in value "${spring.name}"
	at org.springframework.beans.factory.annotation.AutowiredAnnotationBeanPostProcessor.postProcessProperties(AutowiredAnnotationBeanPostProcessor.java:403)
	at org.springframework.beans.factory.support.AbstractAutowireCapableBeanFactory.populateBean(AbstractAutowireCapableBeanFactory.java:1429)
	at org.springframework.beans.factory.support.AbstractAutowireCapableBeanFactory.doCreateBean(AbstractAutowireCapableBeanFactory.java:594)
	at org.springframework.beans.factory.support.AbstractAutowireCapableBeanFactory.createBean(AbstractAutowireCapableBeanFactory.java:517)
	at org.springframework.beans.factory.support.AbstractBeanFactory.lambda$doGetBean$0(AbstractBeanFactory.java:323)
	at org.springframework.beans.factory.support.DefaultSingletonBeanRegistry.getSingleton(DefaultSingletonBeanRegistry.java:222)
	at org.springframework.beans.factory.support.AbstractBeanFactory.doGetBean(AbstractBeanFactory.java:321)
	at org.springframework.beans.factory.support.AbstractBeanFactory.getBean(AbstractBeanFactory.java:202)
	at org.springframework.beans.factory.support.DefaultListableBeanFactory.preInstantiateSingletons(DefaultListableBeanFactory.java:879)
	at org.springframework.context.support.AbstractApplicationContext.finishBeanFactoryInitialization(AbstractApplicationContext.java:878)
	at org.springframework.context.support.AbstractApplicationContext.refresh(AbstractApplicationContext.java:550)
	at org.springframework.boot.web.servlet.context.ServletWebServerApplicationContext.refresh(ServletWebServerApplicationContext.java:141)
	at org.springframework.boot.SpringApplication.refresh(SpringApplication.java:747)
	at org.springframework.boot.SpringApplication.refreshContext(SpringApplication.java:397)
	at org.springframework.boot.SpringApplication.run(SpringApplication.java:315)
	at org.springframework.boot.SpringApplication.run(SpringApplication.java:1226)
	at org.springframework.boot.SpringApplication.run(SpringApplication.java:1215)
	at com.Helloworld.HelloworldApplication.main(HelloworldApplication.java:10)
	at sun.reflect.NativeMethodAccessorImpl.invoke0(Native Method)
	at sun.reflect.NativeMethodAccessorImpl.invoke(NativeMethodAccessorImpl.java:62)
	at sun.reflect.DelegatingMethodAccessorImpl.invoke(DelegatingMethodAccessorImpl.java:43)
	at java.lang.reflect.Method.invoke(Method.java:498)
	at org.springframework.boot.devtools.restart.RestartLauncher.run(RestartLauncher.java:49)
Caused by: java.lang.IllegalArgumentException: Could not resolve placeholder 'spring.name' in value "${spring.name}"
	at org.springframework.util.PropertyPlaceholderHelper.parseStringValue(PropertyPlaceholderHelper.java:178)
	at org.springframework.util.PropertyPlaceholderHelper.replacePlaceholders(PropertyPlaceholderHelper.java:124)
	at org.springframework.core.env.AbstractPropertyResolver.doResolvePlaceholders(AbstractPropertyResolver.java:236)
	at org.springframework.core.env.AbstractPropertyResolver.resolveRequiredPlaceholders(AbstractPropertyResolver.java:210)
	at org.springframework.context.support.PropertySourcesPlaceholderConfigurer.lambda$processProperties$0(PropertySourcesPlaceholderConfigurer.java:175)
	at org.springframework.beans.factory.support.AbstractBeanFactory.resolveEmbeddedValue(AbstractBeanFactory.java:908)
	at org.springframework.beans.factory.support.DefaultListableBeanFactory.doResolveDependency(DefaultListableBeanFactory.java:1228)
	at org.springframework.beans.factory.support.DefaultListableBeanFactory.resolveDependency(DefaultListableBeanFactory.java:1207)
	at org.springframework.beans.factory.annotation.AutowiredAnnotationBeanPostProcessor$AutowiredFieldElement.inject(AutowiredAnnotationBeanPostProcessor.java:636)
	at org.springframework.beans.factory.annotation.InjectionMetadata.inject(InjectionMetadata.java:116)
	at org.springframework.beans.factory.annotation.AutowiredAnnotationBeanPostProcessor.postProcessProperties(AutowiredAnnotationBeanPostProcessor.java:397)
	... 22 common frames omitted
2019-10-26 01:39:25,985 INFO com.Helloworld.HelloworldApplication [restartedMain] Starting HelloworldApplication on CPX-9U7X7R3Y55T with PID 20576 (C:\Users\dorothea.vincent\Desktop\ROCHE\Helloworld\Helloworld\target\classes started by dorothea.vincent in C:\Users\dorothea.vincent\Desktop\ROCHE\Helloworld\Helloworld)
2019-10-26 01:39:25,989 DEBUG com.Helloworld.HelloworldApplication [restartedMain] Running with Spring Boot v2.2.0.RELEASE, Spring v5.2.0.RELEASE
2019-10-26 01:39:25,989 INFO com.Helloworld.HelloworldApplication [restartedMain] The following profiles are active: error
2019-10-26 01:39:27,632 INFO org.apache.catalina.core.StandardService [restartedMain] Starting service [Tomcat]
2019-10-26 01:39:27,632 INFO org.apache.catalina.core.StandardEngine [restartedMain] Starting Servlet engine: [Apache Tomcat/9.0.27]
2019-10-26 01:39:27,734 INFO org.apache.catalina.core.ContainerBase.[Tomcat].[localhost].[/] [restartedMain] Initializing Spring embedded WebApplicationContext
2019-10-26 01:39:27,815 INFO org.apache.catalina.core.StandardService [restartedMain] Stopping service [Tomcat]
2019-10-26 01:39:27,839 ERROR org.springframework.boot.SpringApplication [restartedMain] Application run failed
org.springframework.beans.factory.BeanCreationException: Error creating bean with name 'helloWorldController': Injection of autowired dependencies failed; nested exception is java.lang.IllegalArgumentException: Could not resolve placeholder 'spring.name' in value "${spring.name}"
	at org.springframework.beans.factory.annotation.AutowiredAnnotationBeanPostProcessor.postProcessProperties(AutowiredAnnotationBeanPostProcessor.java:403)
	at org.springframework.beans.factory.support.AbstractAutowireCapableBeanFactory.populateBean(AbstractAutowireCapableBeanFactory.java:1429)
	at org.springframework.beans.factory.support.AbstractAutowireCapableBeanFactory.doCreateBean(AbstractAutowireCapableBeanFactory.java:594)
	at org.springframework.beans.factory.support.AbstractAutowireCapableBeanFactory.createBean(AbstractAutowireCapableBeanFactory.java:517)
	at org.springframework.beans.factory.support.AbstractBeanFactory.lambda$doGetBean$0(AbstractBeanFactory.java:323)
	at org.springframework.beans.factory.support.DefaultSingletonBeanRegistry.getSingleton(DefaultSingletonBeanRegistry.java:222)
	at org.springframework.beans.factory.support.AbstractBeanFactory.doGetBean(AbstractBeanFactory.java:321)
	at org.springframework.beans.factory.support.AbstractBeanFactory.getBean(AbstractBeanFactory.java:202)
	at org.springframework.beans.factory.support.DefaultListableBeanFactory.preInstantiateSingletons(DefaultListableBeanFactory.java:879)
	at org.springframework.context.support.AbstractApplicationContext.finishBeanFactoryInitialization(AbstractApplicationContext.java:878)
	at org.springframework.context.support.AbstractApplicationContext.refresh(AbstractApplicationContext.java:550)
	at org.springframework.boot.web.servlet.context.ServletWebServerApplicationContext.refresh(ServletWebServerApplicationContext.java:141)
	at org.springframework.boot.SpringApplication.refresh(SpringApplication.java:747)
	at org.springframework.boot.SpringApplication.refreshContext(SpringApplication.java:397)
	at org.springframework.boot.SpringApplication.run(SpringApplication.java:315)
	at org.springframework.boot.SpringApplication.run(SpringApplication.java:1226)
	at org.springframework.boot.SpringApplication.run(SpringApplication.java:1215)
	at com.Helloworld.HelloworldApplication.main(HelloworldApplication.java:10)
	at sun.reflect.NativeMethodAccessorImpl.invoke0(Native Method)
	at sun.reflect.NativeMethodAccessorImpl.invoke(NativeMethodAccessorImpl.java:62)
	at sun.reflect.DelegatingMethodAccessorImpl.invoke(DelegatingMethodAccessorImpl.java:43)
	at java.lang.reflect.Method.invoke(Method.java:498)
	at org.springframework.boot.devtools.restart.RestartLauncher.run(RestartLauncher.java:49)
Caused by: java.lang.IllegalArgumentException: Could not resolve placeholder 'spring.name' in value "${spring.name}"
	at org.springframework.util.PropertyPlaceholderHelper.parseStringValue(PropertyPlaceholderHelper.java:178)
	at org.springframework.util.PropertyPlaceholderHelper.replacePlaceholders(PropertyPlaceholderHelper.java:124)
	at org.springframework.core.env.AbstractPropertyResolver.doResolvePlaceholders(AbstractPropertyResolver.java:236)
	at org.springframework.core.env.AbstractPropertyResolver.resolveRequiredPlaceholders(AbstractPropertyResolver.java:210)
	at org.springframework.context.support.PropertySourcesPlaceholderConfigurer.lambda$processProperties$0(PropertySourcesPlaceholderConfigurer.java:175)
	at org.springframework.beans.factory.support.AbstractBeanFactory.resolveEmbeddedValue(AbstractBeanFactory.java:908)
	at org.springframework.beans.factory.support.DefaultListableBeanFactory.doResolveDependency(DefaultListableBeanFactory.java:1228)
	at org.springframework.beans.factory.support.DefaultListableBeanFactory.resolveDependency(DefaultListableBeanFactory.java:1207)
	at org.springframework.beans.factory.annotation.AutowiredAnnotationBeanPostProcessor$AutowiredFieldElement.inject(AutowiredAnnotationBeanPostProcessor.java:636)
	at org.springframework.beans.factory.annotation.InjectionMetadata.inject(InjectionMetadata.java:116)
	at org.springframework.beans.factory.annotation.AutowiredAnnotationBeanPostProcessor.postProcessProperties(AutowiredAnnotationBeanPostProcessor.java:397)
	... 22 common frames omitted
2019-10-26 01:40:58,785 INFO com.Helloworld.HelloworldApplication [restartedMain] Starting HelloworldApplication on CPX-9U7X7R3Y55T with PID 14232 (C:\Users\dorothea.vincent\Desktop\ROCHE\Helloworld\Helloworld\target\classes started by dorothea.vincent in C:\Users\dorothea.vincent\Desktop\ROCHE\Helloworld\Helloworld)
2019-10-26 01:40:58,791 DEBUG com.Helloworld.HelloworldApplication [restartedMain] Running with Spring Boot v2.2.0.RELEASE, Spring v5.2.0.RELEASE
2019-10-26 01:40:58,792 INFO com.Helloworld.HelloworldApplication [restartedMain] The following profiles are active: prod
2019-10-26 01:41:01,129 INFO org.apache.catalina.core.StandardService [restartedMain] Starting service [Tomcat]
2019-10-26 01:41:01,130 INFO org.apache.catalina.core.StandardEngine [restartedMain] Starting Servlet engine: [Apache Tomcat/9.0.27]
2019-10-26 01:41:01,259 INFO org.apache.catalina.core.ContainerBase.[Tomcat].[localhost].[/] [restartedMain] Initializing Spring embedded WebApplicationContext
2019-10-26 01:41:01,847 INFO com.Helloworld.HelloworldApplication [restartedMain] Started HelloworldApplication in 3.758 seconds (JVM running for 4.529)
2019-10-26 01:46:07,535 INFO com.Helloworld.HelloWorldApplicationTests [main] Starting HelloWorldApplicationTests on CPX-9U7X7R3Y55T with PID 26912 (started by dorothea.vincent in C:\Users\dorothea.vincent\Desktop\ROCHE\Helloworld\Helloworld)
2019-10-26 01:46:07,536 DEBUG com.Helloworld.HelloWorldApplicationTests [main] Running with Spring Boot v2.2.0.RELEASE, Spring v5.2.0.RELEASE
2019-10-26 01:46:07,536 INFO com.Helloworld.HelloWorldApplicationTests [main] The following profiles are active: prod
2019-10-26 01:46:19,250 INFO com.Helloworld.HelloWorldApplicationTests [main] Started HelloWorldApplicationTests in 12.145 seconds (JVM running for 13.73)
2019-10-26 01:46:48,393 INFO com.Helloworld.HelloWorldApplication [restartedMain] Starting HelloWorldApplication on CPX-9U7X7R3Y55T with PID 26432 (C:\Users\dorothea.vincent\Desktop\ROCHE\Helloworld\Helloworld\target\classes started by dorothea.vincent in C:\Users\dorothea.vincent\Desktop\ROCHE\Helloworld\Helloworld)
2019-10-26 01:46:48,398 DEBUG com.Helloworld.HelloWorldApplication [restartedMain] Running with Spring Boot v2.2.0.RELEASE, Spring v5.2.0.RELEASE
2019-10-26 01:46:48,399 INFO com.Helloworld.HelloWorldApplication [restartedMain] The following profiles are active: prod
2019-10-26 01:46:50,226 INFO org.apache.catalina.core.StandardService [restartedMain] Starting service [Tomcat]
2019-10-26 01:46:50,227 INFO org.apache.catalina.core.StandardEngine [restartedMain] Starting Servlet engine: [Apache Tomcat/9.0.27]
2019-10-26 01:46:50,340 INFO org.apache.catalina.core.ContainerBase.[Tomcat].[localhost].[/] [restartedMain] Initializing Spring embedded WebApplicationContext
2019-10-26 01:46:50,788 INFO com.Helloworld.HelloWorldApplication [restartedMain] Started HelloWorldApplication in 2.974 seconds (JVM running for 3.671)
2019-10-26 01:46:53,286 INFO org.apache.catalina.core.ContainerBase.[Tomcat].[localhost].[/] [http-nio-8080-exec-1] Initializing Spring DispatcherServlet 'dispatcherServlet'
